2018-Feb-25 13:04:29.304622 INFO [daemon] nivabits v1.1.1.1()
2018-Feb-25 13:04:29.304943 INFO [daemon] Module folder: ./nivabitsd
2018-Feb-25 13:04:29.309925 INFO [daemon] Initializing p2p server...
2018-Feb-25 13:04:29.310148 INFO [node_server] Binding on 0.0.0.0:17236
2018-Feb-25 13:04:29.310432 INFO [miner] Mining has been stopped, 0 finished
2018-Feb-25 13:04:29.310748 ERROR [daemon] Exception: TcpListener::TcpListener, bind failed, result=98, Address already in use
2018-Feb-25 13:04:36.229564 INFO [daemon] nivabits v1.1.1.1()
2018-Feb-25 13:04:36.229724 INFO [daemon] Module folder: ./nivabitsd
2018-Feb-25 13:04:36.230176 INFO [daemon] Initializing p2p server...
2018-Feb-25 13:04:36.230338 INFO [node_server] Binding on 0.0.0.0:17236
2018-Feb-25 13:04:36.230501 INFO [miner] Mining has been stopped, 0 finished
2018-Feb-25 13:04:36.230659 ERROR [daemon] Exception: TcpListener::TcpListener, bind failed, result=98, Address already in use
2018-Feb-25 13:06:27.885446 INFO [daemon] nivabits v1.1.1.1()
2018-Feb-25 13:06:27.885600 INFO [daemon] Module folder: ./nivabitsd
2018-Feb-25 13:06:27.886101 INFO [daemon] Initializing p2p server...
2018-Feb-25 13:06:27.886257 INFO [node_server] Binding on 0.0.0.0:17236
2018-Feb-25 13:06:27.886327 INFO [node_server] Net service binded on 0.0.0.0:17236
2018-Feb-25 13:06:27.886361 INFO [node_server] Attempting to add IGD port mapping.
2018-Feb-25 13:06:31.891900 INFO [node_server] No IGD was found.
2018-Feb-25 13:06:31.892040 INFO [daemon] P2p server initialized OK
2018-Feb-25 13:06:31.892072 INFO [daemon] Initializing core...
2018-Feb-25 13:06:31.892130 INFO [Blockchain] Loading blockchain...
2018-Feb-25 13:06:31.892216 WARNING [Blockchain] No actual blockchain cache found, rebuilding internal structures...
2018-Feb-25 13:06:31.892255 INFO [Blockchain] Height 0 of 1
2018-Feb-25 13:06:31.892290 INFO [Blockchain] Rebuilding internal structures took: 3.757e-05
2018-Feb-25 13:06:31.892336 INFO [Blockchain] Loading blockchain indices for BlockchainExplorer...
2018-Feb-25 13:06:31.892370 WARNING [Blockchain] No actual blockchain indices for BlockchainExplorer found, rebuilding...
2018-Feb-25 13:06:31.892396 INFO [Blockchain] Height 0 of 1
2018-Feb-25 13:06:31.892427 INFO [Blockchain] Rebuilding blockchain indices took: 3.1489e-05
2018-Feb-25 13:06:31.892465 INFO [Blockchain] Blockchain initialized. last block: 0, d2062.h2.m36.s31 time ago, current difficulty: 1
2018-Feb-25 13:06:31.892493 INFO [daemon] Core initialized OK
2018-Feb-25 13:06:31.892570 INFO [daemon] Starting core rpc server on address 127.0.0.1:18236
2018-Feb-25 13:06:31.892676 INFO [daemon] Core rpc server started ok
2018-Feb-25 13:06:31.892741 INFO [daemon] Starting p2p net loop...
2018-Feb-25 13:06:31.892773 INFO [node_server] Starting node_server
2018-Feb-25 13:06:31.892849 INFO [core] 
2018-Feb-25 13:06:31.892849 INFO [core] **********************************************************************
2018-Feb-25 13:06:31.892849 INFO [core] The daemon will start synchronizing with the network. It may take up to several hours.
2018-Feb-25 13:06:31.892849 INFO [core] 
2018-Feb-25 13:06:31.892849 INFO [core] You can set the level of process detailization* through "set_log <level>" command*, where <level> is between 0 (no details) and 4 (very verbose).
2018-Feb-25 13:06:31.892849 INFO [core] 
2018-Feb-25 13:06:31.892849 INFO [core] Use "help" command to see the list of available commands.
2018-Feb-25 13:06:31.892849 INFO [core] 
2018-Feb-25 13:06:31.892849 INFO [core] Note: in case you need to interrupt the process, use "exit" command. Otherwise, the current progress won't be saved.
2018-Feb-25 13:06:31.892849 INFO [core] **********************************************************************
2018-Feb-25 13:12:11.344456 INFO [node_server] Stop signal sent
2018-Feb-25 13:12:11.344557 INFO [node_server] Stopping NodeServer and it's0 connections...
2018-Feb-25 13:12:11.344639 INFO [node_server] NodeServer loop stopped
2018-Feb-25 13:12:11.344669 INFO [daemon] p2p net loop stopped
2018-Feb-25 13:12:11.344694 INFO [daemon] Stopping core rpc server...
2018-Feb-25 13:12:11.344745 INFO [daemon] Deinitializing core...
2018-Feb-25 13:12:11.344774 INFO [miner] Mining has been stopped, 0 finished
2018-Feb-25 13:12:11.344867 INFO [Blockchain] Saving blockchain...
2018-Feb-25 13:12:11.344910 INFO [BlockCacheSerializer] - saving block index...
2018-Feb-25 13:12:11.344939 INFO [BlockCacheSerializer] - saving transaction map...
2018-Feb-25 13:12:11.344964 INFO [BlockCacheSerializer] - saving spent keys...
2018-Feb-25 13:12:11.344989 INFO [BlockCacheSerializer] - saving outputs...
2018-Feb-25 13:12:11.345014 INFO [BlockCacheSerializer] - saving multi-signature outputs...
2018-Feb-25 13:12:11.345039 INFO [BlockCacheSerializer] Serialization time: 0ms
2018-Feb-25 13:12:11.345069 INFO [Blockchain] Saving blockchain indices...
2018-Feb-25 13:12:11.345103 INFO [BlockchainIndicesSerializer] - saving paymentID index...
2018-Feb-25 13:12:11.345129 INFO [BlockchainIndicesSerializer] - saving timestamp index...
2018-Feb-25 13:12:11.345156 INFO [BlockchainIndicesSerializer] - saving generated transactions index...
2018-Feb-25 13:12:11.345217 INFO [daemon] Deinitializing p2p...
2018-Feb-25 13:12:11.345412 INFO [miner] Mining has been stopped, 0 finished
2018-Feb-25 13:12:11.345559 INFO [daemon] Node stopped.
2018-Feb-25 13:13:49.333374 INFO [daemon] nivabits v1.1.1.1()
2018-Feb-25 13:13:49.333544 INFO [daemon] Module folder: ./nivabitsd
2018-Feb-25 13:13:49.334069 INFO [daemon] Initializing p2p server...
2018-Feb-25 13:13:49.334169 INFO [node_server] Binding on 0.0.0.0:17236
2018-Feb-25 13:13:49.334392 INFO [miner] Mining has been stopped, 0 finished
2018-Feb-25 13:13:49.334601 ERROR [daemon] Exception: TcpListener::TcpListener, bind failed, result=98, Address already in use
2018-Feb-25 13:19:09.616596 INFO [daemon] nivabits v1.1.1.1()
2018-Feb-25 13:19:09.616837 INFO [daemon] Module folder: ./nivabitsd
2018-Feb-25 13:19:09.617620 INFO [daemon] Initializing p2p server...
2018-Feb-25 13:19:09.617731 INFO [node_server] Binding on 0.0.0.0:17236
2018-Feb-25 13:19:09.618326 INFO [miner] Mining has been stopped, 0 finished
2018-Feb-25 13:19:09.618992 ERROR [daemon] Exception: TcpListener::TcpListener, bind failed, result=98, Address already in use
2018-Feb-25 13:19:44.228785 INFO [daemon] nivabits v1.1.1.1()
2018-Feb-25 13:19:44.228951 INFO [daemon] Module folder: ./nivabitsd
2018-Feb-25 13:19:44.229478 INFO [daemon] Initializing p2p server...
2018-Feb-25 13:19:44.229585 INFO [node_server] Binding on 0.0.0.0:17236
2018-Feb-25 13:19:44.229671 INFO [node_server] Net service binded on 0.0.0.0:17236
2018-Feb-25 13:19:44.229715 INFO [node_server] Attempting to add IGD port mapping.
2018-Feb-25 13:19:48.235023 INFO [node_server] No IGD was found.
2018-Feb-25 13:19:48.235141 INFO [daemon] P2p server initialized OK
2018-Feb-25 13:19:48.235170 INFO [daemon] Initializing core...
2018-Feb-25 13:19:48.235269 INFO [Blockchain] Loading blockchain...
2018-Feb-25 13:19:48.235392 INFO [BlockCacheSerializer] - loading block index...
2018-Feb-25 13:19:48.235459 INFO [BlockCacheSerializer] - loading transaction map...
2018-Feb-25 13:19:48.235485 INFO [BlockCacheSerializer] - loading spent keys...
2018-Feb-25 13:19:48.235531 INFO [BlockCacheSerializer] - loading outputs...
2018-Feb-25 13:19:48.235559 INFO [BlockCacheSerializer] - loading multi-signature outputs...
2018-Feb-25 13:19:48.235580 INFO [BlockCacheSerializer] Serialization time: 0ms
2018-Feb-25 13:19:48.235628 INFO [Blockchain] Loading blockchain indices for BlockchainExplorer...
2018-Feb-25 13:19:48.235672 INFO [BlockchainIndicesSerializer] - loading paymentID index...
2018-Feb-25 13:19:48.235697 INFO [BlockchainIndicesSerializer] - loading timestamp index...
2018-Feb-25 13:19:48.235747 INFO [BlockchainIndicesSerializer] - loading generated transactions index...
2018-Feb-25 13:19:48.235787 INFO [Blockchain] Blockchain initialized. last block: 0, d2062.h2.m49.s48 time ago, current difficulty: 1
2018-Feb-25 13:19:48.235816 INFO [daemon] Core initialized OK
2018-Feb-25 13:19:48.235880 INFO [daemon] Starting core rpc server on address 127.0.0.1:18236
2018-Feb-25 13:19:48.235939 INFO [daemon] Core rpc server started ok
2018-Feb-25 13:19:48.235996 INFO [daemon] Starting p2p net loop...
2018-Feb-25 13:19:48.236021 INFO [node_server] Starting node_server
2018-Feb-25 13:19:48.236067 INFO [core] 
2018-Feb-25 13:19:48.236067 INFO [core] **********************************************************************
2018-Feb-25 13:19:48.236067 INFO [core] The daemon will start synchronizing with the network. It may take up to several hours.
2018-Feb-25 13:19:48.236067 INFO [core] 
2018-Feb-25 13:19:48.236067 INFO [core] You can set the level of process detailization* through "set_log <level>" command*, where <level> is between 0 (no details) and 4 (very verbose).
2018-Feb-25 13:19:48.236067 INFO [core] 
2018-Feb-25 13:19:48.236067 INFO [core] Use "help" command to see the list of available commands.
2018-Feb-25 13:19:48.236067 INFO [core] 
2018-Feb-25 13:19:48.236067 INFO [core] Note: in case you need to interrupt the process, use "exit" command. Otherwise, the current progress won't be saved.
2018-Feb-25 13:19:48.236067 INFO [core] **********************************************************************
2018-Feb-25 13:22:12.508221 INFO [node_server] Stop signal sent
2018-Feb-25 13:22:12.508365 INFO [node_server] Stopping NodeServer and it's0 connections...
2018-Feb-25 13:22:12.508472 INFO [node_server] NodeServer loop stopped
2018-Feb-25 13:22:12.508503 INFO [daemon] p2p net loop stopped
2018-Feb-25 13:22:12.508527 INFO [daemon] Stopping core rpc server...
2018-Feb-25 13:22:12.508567 INFO [daemon] Deinitializing core...
2018-Feb-25 13:22:12.508600 INFO [miner] Mining has been stopped, 0 finished
2018-Feb-25 13:22:12.508722 INFO [Blockchain] Saving blockchain...
2018-Feb-25 13:22:12.508851 INFO [BlockCacheSerializer] - saving block index...
2018-Feb-25 13:22:12.508885 INFO [BlockCacheSerializer] - saving transaction map...
2018-Feb-25 13:22:12.508937 INFO [BlockCacheSerializer] - saving spent keys...
2018-Feb-25 13:22:12.508966 INFO [BlockCacheSerializer] - saving outputs...
2018-Feb-25 13:22:12.508992 INFO [BlockCacheSerializer] - saving multi-signature outputs...
2018-Feb-25 13:22:12.509017 INFO [BlockCacheSerializer] Serialization time: 0ms
2018-Feb-25 13:22:12.509077 INFO [Blockchain] Saving blockchain indices...
2018-Feb-25 13:22:12.509172 INFO [BlockchainIndicesSerializer] - saving paymentID index...
2018-Feb-25 13:22:12.509201 INFO [BlockchainIndicesSerializer] - saving timestamp index...
2018-Feb-25 13:22:12.509229 INFO [BlockchainIndicesSerializer] - saving generated transactions index...
2018-Feb-25 13:22:12.509280 INFO [daemon] Deinitializing p2p...
2018-Feb-25 13:22:12.509511 INFO [miner] Mining has been stopped, 0 finished
2018-Feb-25 13:22:12.509669 INFO [daemon] Node stopped.
2018-Feb-25 13:22:54.516348 INFO [daemon] nivabits v1.1.1.1()
2018-Feb-25 13:22:54.516505 INFO [daemon] Module folder: ./nivabitsd
2018-Feb-25 13:22:54.517016 INFO [daemon] Initializing p2p server...
2018-Feb-25 13:22:54.517115 INFO [node_server] Binding on 0.0.0.0:17236
2018-Feb-25 13:22:54.517214 INFO [node_server] Net service binded on 0.0.0.0:17236
2018-Feb-25 13:22:54.517254 INFO [node_server] Attempting to add IGD port mapping.
2018-Feb-25 13:22:58.523266 INFO [node_server] No IGD was found.
2018-Feb-25 13:22:58.523362 INFO [daemon] P2p server initialized OK
2018-Feb-25 13:22:58.523389 INFO [daemon] Initializing core...
2018-Feb-25 13:22:58.523462 INFO [Blockchain] Loading blockchain...
2018-Feb-25 13:22:58.523545 INFO [BlockCacheSerializer] - loading block index...
2018-Feb-25 13:22:58.523578 INFO [BlockCacheSerializer] - loading transaction map...
2018-Feb-25 13:22:58.523600 INFO [BlockCacheSerializer] - loading spent keys...
2018-Feb-25 13:22:58.523621 INFO [BlockCacheSerializer] - loading outputs...
2018-Feb-25 13:22:58.523647 INFO [BlockCacheSerializer] - loading multi-signature outputs...
2018-Feb-25 13:22:58.523668 INFO [BlockCacheSerializer] Serialization time: 0ms
2018-Feb-25 13:22:58.523692 INFO [Blockchain] Loading blockchain indices for BlockchainExplorer...
2018-Feb-25 13:22:58.523732 INFO [BlockchainIndicesSerializer] - loading paymentID index...
2018-Feb-25 13:22:58.523764 INFO [BlockchainIndicesSerializer] - loading timestamp index...
2018-Feb-25 13:22:58.523785 INFO [BlockchainIndicesSerializer] - loading generated transactions index...
2018-Feb-25 13:22:58.523822 INFO [Blockchain] Blockchain initialized. last block: 0, d2062.h2.m52.s58 time ago, current difficulty: 1
2018-Feb-25 13:22:58.523850 INFO [daemon] Core initialized OK
2018-Feb-25 13:22:58.523914 INFO [daemon] Starting core rpc server on address 127.0.0.1:18236
2018-Feb-25 13:22:58.523973 INFO [daemon] Core rpc server started ok
2018-Feb-25 13:22:58.524004 INFO [daemon] Starting p2p net loop...
2018-Feb-25 13:22:58.524028 INFO [node_server] Starting node_server
2018-Feb-25 13:22:58.524072 INFO [core] 
2018-Feb-25 13:22:58.524072 INFO [core] **********************************************************************
2018-Feb-25 13:22:58.524072 INFO [core] The daemon will start synchronizing with the network. It may take up to several hours.
2018-Feb-25 13:22:58.524072 INFO [core] 
2018-Feb-25 13:22:58.524072 INFO [core] You can set the level of process detailization* through "set_log <level>" command*, where <level> is between 0 (no details) and 4 (very verbose).
2018-Feb-25 13:22:58.524072 INFO [core] 
2018-Feb-25 13:22:58.524072 INFO [core] Use "help" command to see the list of available commands.
2018-Feb-25 13:22:58.524072 INFO [core] 
2018-Feb-25 13:22:58.524072 INFO [core] Note: in case you need to interrupt the process, use "exit" command. Otherwise, the current progress won't be saved.
2018-Feb-25 13:22:58.524072 INFO [core] **********************************************************************
2018-Feb-25 13:26:07.365990 INFO [node_server] Stop signal sent
2018-Feb-25 13:26:07.366096 INFO [node_server] Stopping NodeServer and it's0 connections...
2018-Feb-25 13:26:07.366218 INFO [node_server] NodeServer loop stopped
2018-Feb-25 13:26:07.366258 INFO [daemon] p2p net loop stopped
2018-Feb-25 13:26:07.366281 INFO [daemon] Stopping core rpc server...
2018-Feb-25 13:26:07.366381 INFO [daemon] Deinitializing core...
2018-Feb-25 13:26:07.366409 INFO [miner] Mining has been stopped, 0 finished
2018-Feb-25 13:26:07.366582 INFO [Blockchain] Saving blockchain...
2018-Feb-25 13:26:07.366712 INFO [BlockCacheSerializer] - saving block index...
2018-Feb-25 13:26:07.366756 INFO [BlockCacheSerializer] - saving transaction map...
2018-Feb-25 13:26:07.366782 INFO [BlockCacheSerializer] - saving spent keys...
2018-Feb-25 13:26:07.366808 INFO [BlockCacheSerializer] - saving outputs...
2018-Feb-25 13:26:07.366832 INFO [BlockCacheSerializer] - saving multi-signature outputs...
2018-Feb-25 13:26:07.366857 INFO [BlockCacheSerializer] Serialization time: 0ms
2018-Feb-25 13:26:07.366907 INFO [Blockchain] Saving blockchain indices...
2018-Feb-25 13:26:07.367050 INFO [BlockchainIndicesSerializer] - saving paymentID index...
2018-Feb-25 13:26:07.367080 INFO [BlockchainIndicesSerializer] - saving timestamp index...
2018-Feb-25 13:26:07.367107 INFO [BlockchainIndicesSerializer] - saving generated transactions index...
2018-Feb-25 13:26:07.367158 INFO [daemon] Deinitializing p2p...
2018-Feb-25 13:26:07.367396 INFO [miner] Mining has been stopped, 0 finished
2018-Feb-25 13:26:07.367603 INFO [daemon] Node stopped.
